[2025-09-17 21:37:15] INFO: Client started
[2025-09-17 21:37:19] INFO: Session started for BMW_iX_xDrive50, ID: d7d7659c-8957-461d-a787-f248e19ce249
[2025-09-17 21:37:19] INFO: Row 1: Split into 19 parts
[2025-09-17 21:37:19] ERROR: Row 1: Invalid timestamp
[2025-09-17 21:37:19] INFO: Row 2: Split into 19 parts
[2025-09-17 21:37:19] ERROR: Row 2: Invalid timestamp
[2025-09-17 21:37:20] INFO: Row 3: Split into 19 parts
[2025-09-17 21:37:20] ERROR: Row 3: Invalid timestamp
[2025-09-17 21:37:20] INFO: Row 4: Split into 19 parts
[2025-09-17 21:37:20] ERROR: Row 4: Invalid timestamp
[2025-09-17 21:37:20] INFO: Row 5: Split into 19 parts
[2025-09-17 21:37:20] ERROR: Row 5: Invalid timestamp
[2025-09-17 21:37:20] INFO: Row 6: Split into 19 parts
[2025-09-17 21:37:20] ERROR: Row 6: Invalid timestamp
[2025-09-17 21:37:20] INFO: Row 7: Split into 19 parts
[2025-09-17 21:37:20] ERROR: Row 7: Invalid timestamp
[2025-09-17 21:37:20] INFO: Row 8: Split into 19 parts
[2025-09-17 21:37:20] ERROR: Row 8: Invalid timestamp
[2025-09-17 21:37:20] INFO: Row 9: Split into 19 parts
[2025-09-17 21:37:20] ERROR: Row 9: Invalid timestamp
[2025-09-17 21:37:20] INFO: Row 10: Split into 19 parts
[2025-09-17 21:37:20] ERROR: Row 10: Invalid timestamp
[2025-09-17 21:37:20] INFO: Row 11: Split into 19 parts
[2025-09-17 21:37:20] ERROR: Row 11: Invalid timestamp
[2025-09-17 21:37:21] INFO: Row 12: Split into 19 parts
[2025-09-17 21:37:21] ERROR: Row 12: Invalid timestamp
[2025-09-17 21:37:21] INFO: Row 13: Split into 19 parts
[2025-09-17 21:37:21] ERROR: Row 13: Invalid timestamp
[2025-09-17 21:37:21] INFO: Row 14: Split into 19 parts
[2025-09-17 21:37:21] ERROR: Row 14: Invalid timestamp
[2025-09-17 21:37:21] INFO: Row 15: Split into 19 parts
[2025-09-17 21:37:21] ERROR: Row 15: Invalid timestamp
[2025-09-17 21:37:21] INFO: Row 16: Split into 19 parts
[2025-09-17 21:37:21] ERROR: Row 16: Invalid timestamp
[2025-09-17 21:37:21] INFO: Row 17: Split into 19 parts
[2025-09-17 21:37:21] ERROR: Row 17: Invalid timestamp
[2025-09-17 21:37:21] INFO: Row 18: Split into 19 parts
[2025-09-17 21:37:21] ERROR: Row 18: Invalid timestamp
[2025-09-17 21:37:21] INFO: Row 19: Split into 19 parts
[2025-09-17 21:37:21] ERROR: Row 19: Invalid timestamp
[2025-09-17 21:37:21] INFO: Row 20: Split into 19 parts
[2025-09-17 21:37:21] ERROR: Row 20: Invalid timestamp
[2025-09-17 21:37:22] INFO: Row 21: Split into 19 parts
[2025-09-17 21:37:22] ERROR: Row 21: Invalid timestamp
[2025-09-17 21:37:22] INFO: Row 22: Split into 19 parts
[2025-09-17 21:37:22] ERROR: Row 22: Invalid timestamp
[2025-09-17 21:37:22] INFO: Row 23: Split into 19 parts
[2025-09-17 21:37:22] ERROR: Row 23: Invalid timestamp
[2025-09-17 21:37:22] INFO: Row 24: Split into 19 parts
[2025-09-17 21:37:22] ERROR: Row 24: Invalid timestamp
[2025-09-17 21:37:22] INFO: Row 25: Split into 19 parts
[2025-09-17 21:37:22] ERROR: Row 25: Invalid timestamp
[2025-09-17 21:37:22] INFO: Row 26: Split into 19 parts
[2025-09-17 21:37:22] ERROR: Row 26: Invalid timestamp
[2025-09-17 21:37:22] INFO: Row 27: Split into 19 parts
[2025-09-17 21:37:22] ERROR: Row 27: Invalid timestamp
[2025-09-17 21:37:22] INFO: Row 28: Split into 19 parts
[2025-09-17 21:37:22] ERROR: Row 28: Invalid timestamp
[2025-09-17 21:37:22] INFO: Row 29: Split into 19 parts
[2025-09-17 21:37:22] ERROR: Row 29: Invalid timestamp
[2025-09-17 21:37:23] INFO: Row 30: Split into 19 parts
[2025-09-17 21:37:23] ERROR: Row 30: Invalid timestamp
[2025-09-17 21:37:23] INFO: Row 31: Split into 19 parts
[2025-09-17 21:37:23] ERROR: Row 31: Invalid timestamp
[2025-09-17 21:37:23] INFO: Row 32: Split into 19 parts
[2025-09-17 21:37:23] ERROR: Row 32: Invalid timestamp
[2025-09-17 21:37:23] INFO: Row 33: Split into 19 parts
[2025-09-17 21:37:23] ERROR: Row 33: Invalid timestamp
[2025-09-17 21:37:23] INFO: Row 34: Split into 19 parts
[2025-09-17 21:37:23] ERROR: Row 34: Invalid timestamp
[2025-09-17 21:37:23] INFO: Row 35: Split into 19 parts
[2025-09-17 21:37:23] ERROR: Row 35: Invalid timestamp
[2025-09-17 21:37:23] INFO: Row 36: Split into 19 parts
[2025-09-17 21:37:23] ERROR: Row 36: Invalid timestamp
[2025-09-17 21:37:23] INFO: Row 37: Split into 19 parts
[2025-09-17 21:37:23] ERROR: Row 37: Invalid timestamp
[2025-09-17 21:37:23] INFO: Row 38: Split into 19 parts
[2025-09-17 21:37:23] ERROR: Row 38: Invalid timestamp
[2025-09-17 21:37:24] INFO: Row 39: Split into 19 parts
[2025-09-17 21:37:24] ERROR: Row 39: Invalid timestamp
[2025-09-17 21:37:24] INFO: Row 40: Split into 19 parts
[2025-09-17 21:37:24] ERROR: Row 40: Invalid timestamp
[2025-09-17 21:37:24] INFO: Row 41: Split into 19 parts
[2025-09-17 21:37:24] ERROR: Row 41: Invalid timestamp
[2025-09-17 21:37:24] INFO: Row 42: Split into 19 parts
[2025-09-17 21:37:24] ERROR: Row 42: Invalid timestamp
[2025-09-17 21:37:24] INFO: Row 43: Split into 19 parts
[2025-09-17 21:37:24] ERROR: Row 43: Invalid timestamp
[2025-09-17 21:37:24] INFO: Row 44: Split into 19 parts
[2025-09-17 21:37:24] ERROR: Row 44: Invalid timestamp
[2025-09-17 21:37:24] INFO: Row 45: Split into 19 parts
[2025-09-17 21:37:24] ERROR: Row 45: Invalid timestamp
[2025-09-17 21:37:24] INFO: Row 46: Split into 19 parts
[2025-09-17 21:37:24] ERROR: Row 46: Invalid timestamp
[2025-09-17 21:37:24] INFO: Row 47: Split into 19 parts
[2025-09-17 21:37:24] ERROR: Row 47: Invalid timestamp
[2025-09-17 21:37:25] INFO: Row 48: Split into 19 parts
[2025-09-17 21:37:25] ERROR: Row 48: Invalid timestamp
[2025-09-17 21:37:25] INFO: Row 49: Split into 19 parts
[2025-09-17 21:37:25] ERROR: Row 49: Invalid timestamp
[2025-09-17 21:37:25] INFO: Row 50: Split into 19 parts
[2025-09-17 21:37:25] ERROR: Row 50: Invalid timestamp
[2025-09-17 21:37:25] INFO: Transfer completed for BMW_iX_xDrive50: 0 success, 50 errors
[2025-09-17 21:37:25] INFO: Session ended for BMW_iX_xDrive50: Session ended successfully. Processed 0 samples
