[2025-09-17 21:25:31] INFO: Client started
[2025-09-17 21:25:43] INFO: Session started for BMW_iX_xDrive50, ID: 3e8b8dee-c9be-41a9-a8b0-f1da54571bb7
[2025-09-17 21:25:43] ERROR: Row 1: Failed to parse timestamp '233', using fallback
[2025-09-17 21:25:43] ERROR: Row 1: Invalid timestamp
[2025-09-17 21:25:43] ERROR: Row 2: Failed to parse timestamp '234', using fallback
[2025-09-17 21:25:43] ERROR: Row 2: Invalid timestamp
[2025-09-17 21:25:43] ERROR: Row 3: Failed to parse timestamp '232', using fallback
[2025-09-17 21:25:43] ERROR: Row 3: Invalid timestamp
[2025-09-17 21:25:43] ERROR: Row 4: Failed to parse timestamp '230', using fallback
[2025-09-17 21:25:43] ERROR: Row 4: Invalid timestamp
[2025-09-17 21:25:43] ERROR: Row 5: Failed to parse timestamp '229', using fallback
[2025-09-17 21:25:43] ERROR: Row 5: Invalid timestamp
[2025-09-17 21:25:43] ERROR: Row 6: Failed to parse timestamp '228', using fallback
[2025-09-17 21:25:43] ERROR: Row 6: Invalid timestamp
[2025-09-17 21:25:43] ERROR: Row 7: Failed to parse timestamp '229', using fallback
[2025-09-17 21:25:43] ERROR: Row 7: Invalid timestamp
[2025-09-17 21:25:43] ERROR: Row 8: Failed to parse timestamp '230', using fallback
[2025-09-17 21:25:43] ERROR: Row 8: Invalid timestamp
[2025-09-17 21:25:43] ERROR: Row 9: Failed to parse timestamp '232', using fallback
[2025-09-17 21:25:43] ERROR: Row 9: Invalid timestamp
[2025-09-17 21:25:44] ERROR: Row 10: Failed to parse timestamp '233', using fallback
[2025-09-17 21:25:44] ERROR: Row 10: Invalid timestamp
[2025-09-17 21:25:44] ERROR: Row 11: Failed to parse timestamp '234', using fallback
[2025-09-17 21:25:44] ERROR: Row 11: Invalid timestamp
[2025-09-17 21:25:44] ERROR: Row 12: Failed to parse timestamp '229', using fallback
[2025-09-17 21:25:44] ERROR: Row 12: Invalid timestamp
[2025-09-17 21:25:44] ERROR: Row 13: Failed to parse timestamp '226', using fallback
[2025-09-17 21:25:44] ERROR: Row 13: Invalid timestamp
[2025-09-17 21:25:44] ERROR: Row 14: Failed to parse timestamp '234', using fallback
[2025-09-17 21:25:44] ERROR: Row 14: Invalid timestamp
[2025-09-17 21:25:44] ERROR: Row 15: Failed to parse timestamp '232', using fallback
[2025-09-17 21:25:44] ERROR: Row 15: Invalid timestamp
[2025-09-17 21:25:44] ERROR: Row 16: Failed to parse timestamp '234', using fallback
[2025-09-17 21:25:44] ERROR: Row 16: Invalid timestamp
[2025-09-17 21:25:44] ERROR: Row 17: Failed to parse timestamp '232', using fallback
[2025-09-17 21:25:44] ERROR: Row 17: Invalid timestamp
[2025-09-17 21:25:45] ERROR: Row 18: Failed to parse timestamp '233', using fallback
[2025-09-17 21:25:45] ERROR: Row 18: Invalid timestamp
[2025-09-17 21:25:45] ERROR: Row 19: Failed to parse timestamp '228', using fallback
[2025-09-17 21:25:45] ERROR: Row 19: Invalid timestamp
[2025-09-17 21:25:45] ERROR: Row 20: Failed to parse timestamp '233', using fallback
[2025-09-17 21:25:45] ERROR: Row 20: Invalid timestamp
[2025-09-17 21:25:45] ERROR: Row 21: Failed to parse timestamp '227', using fallback
[2025-09-17 21:25:45] ERROR: Row 21: Invalid timestamp
[2025-09-17 21:25:45] ERROR: Row 22: Failed to parse timestamp '232', using fallback
[2025-09-17 21:25:45] ERROR: Row 22: Invalid timestamp
[2025-09-17 21:25:45] ERROR: Row 23: Failed to parse timestamp '228', using fallback
[2025-09-17 21:25:45] ERROR: Row 23: Invalid timestamp
[2025-09-17 21:25:45] ERROR: Row 24: Failed to parse timestamp '233', using fallback
[2025-09-17 21:25:45] ERROR: Row 24: Invalid timestamp
[2025-09-17 21:25:45] ERROR: Row 25: Failed to parse timestamp '233', using fallback
[2025-09-17 21:25:45] ERROR: Row 25: Invalid timestamp
[2025-09-17 21:25:45] ERROR: Row 26: Failed to parse timestamp '230', using fallback
[2025-09-17 21:25:45] ERROR: Row 26: Invalid timestamp
[2025-09-17 21:25:46] ERROR: Row 27: Failed to parse timestamp '227', using fallback
[2025-09-17 21:25:46] ERROR: Row 27: Invalid timestamp
[2025-09-17 21:25:46] ERROR: Row 28: Failed to parse timestamp '226', using fallback
[2025-09-17 21:25:46] ERROR: Row 28: Invalid timestamp
[2025-09-17 21:25:46] ERROR: Row 29: Failed to parse timestamp '227', using fallback
[2025-09-17 21:25:46] ERROR: Row 29: Invalid timestamp
[2025-09-17 21:25:46] ERROR: Row 30: Failed to parse timestamp '234', using fallback
[2025-09-17 21:25:46] ERROR: Row 30: Invalid timestamp
[2025-09-17 21:25:46] ERROR: Row 31: Failed to parse timestamp '232', using fallback
[2025-09-17 21:25:46] ERROR: Row 31: Invalid timestamp
[2025-09-17 21:25:46] ERROR: Row 32: Failed to parse timestamp '229', using fallback
[2025-09-17 21:25:46] ERROR: Row 32: Invalid timestamp
[2025-09-17 21:25:46] ERROR: Row 33: Failed to parse timestamp '225', using fallback
[2025-09-17 21:25:46] ERROR: Row 33: Invalid timestamp
[2025-09-17 21:25:46] ERROR: Row 34: Failed to parse timestamp '229', using fallback
[2025-09-17 21:25:46] ERROR: Row 34: Invalid timestamp
[2025-09-17 21:25:46] ERROR: Row 35: Failed to parse timestamp '234', using fallback
[2025-09-17 21:25:46] ERROR: Row 35: Invalid timestamp
[2025-09-17 21:25:47] ERROR: Row 36: Failed to parse timestamp '233', using fallback
[2025-09-17 21:25:47] ERROR: Row 36: Invalid timestamp
[2025-09-17 21:25:47] ERROR: Row 37: Failed to parse timestamp '229', using fallback
[2025-09-17 21:25:47] ERROR: Row 37: Invalid timestamp
[2025-09-17 21:25:47] ERROR: Row 38: Failed to parse timestamp '229', using fallback
[2025-09-17 21:25:47] ERROR: Row 38: Invalid timestamp
[2025-09-17 21:25:47] ERROR: Row 39: Failed to parse timestamp '231', using fallback
[2025-09-17 21:25:47] ERROR: Row 39: Invalid timestamp
[2025-09-17 21:25:47] ERROR: Row 40: Failed to parse timestamp '232', using fallback
[2025-09-17 21:25:47] ERROR: Row 40: Invalid timestamp
[2025-09-17 21:25:47] ERROR: Row 41: Failed to parse timestamp '226', using fallback
[2025-09-17 21:25:47] ERROR: Row 41: Invalid timestamp
[2025-09-17 21:25:47] ERROR: Row 42: Failed to parse timestamp '228', using fallback
[2025-09-17 21:25:47] ERROR: Row 42: Invalid timestamp
[2025-09-17 21:25:47] ERROR: Row 43: Failed to parse timestamp '232', using fallback
[2025-09-17 21:25:47] ERROR: Row 43: Invalid timestamp
[2025-09-17 21:25:47] ERROR: Row 44: Failed to parse timestamp '227', using fallback
[2025-09-17 21:25:47] ERROR: Row 44: Invalid timestamp
[2025-09-17 21:25:48] ERROR: Row 45: Failed to parse timestamp '226', using fallback
[2025-09-17 21:25:48] ERROR: Row 45: Invalid timestamp
[2025-09-17 21:25:48] ERROR: Row 46: Failed to parse timestamp '225', using fallback
[2025-09-17 21:25:48] ERROR: Row 46: Invalid timestamp
[2025-09-17 21:25:48] ERROR: Row 47: Failed to parse timestamp '233', using fallback
[2025-09-17 21:25:48] ERROR: Row 47: Invalid timestamp
[2025-09-17 21:25:48] ERROR: Row 48: Failed to parse timestamp '227', using fallback
[2025-09-17 21:25:48] ERROR: Row 48: Invalid timestamp
[2025-09-17 21:25:48] ERROR: Row 49: Failed to parse timestamp '225', using fallback
[2025-09-17 21:25:48] ERROR: Row 49: Invalid timestamp
[2025-09-17 21:25:48] ERROR: Row 50: Failed to parse timestamp '232', using fallback
[2025-09-17 21:25:48] ERROR: Row 50: Invalid timestamp
[2025-09-17 21:25:48] INFO: Transfer completed for BMW_iX_xDrive50: 0 success, 50 errors
[2025-09-17 21:25:48] INFO: Session ended for BMW_iX_xDrive50: Session ended successfully. Processed 0 samples
[2025-09-17 21:26:35] ERROR: Error processing vehicle data: Could not connect to net.tcp://localhost:8000/ChargingService. The connection attempt lasted for a time span of 00:00:04.1203933. TCP error code 10061: No connection could be made because the target machine actively refused it 127.0.0.1:8000. 
