[2025-09-17 21:33:01] INFO: Client started
[2025-09-17 21:33:05] INFO: Session started for BMW_iX_xDrive50, ID: b0897efa-fadc-4dac-aba0-5be6909339da
[2025-09-17 21:33:05] INFO: Row 1: Split into 37 parts
[2025-09-17 21:33:05] INFO: Row 1: Failed to parse timestamp '233', using fallback
[2025-09-17 21:33:05] INFO: Row 1: Successfully parsed sample
[2025-09-17 21:33:05] ERROR: Row 1: Invalid timestamp
[2025-09-17 21:33:05] INFO: Row 2: Split into 37 parts
[2025-09-17 21:33:05] INFO: Row 2: Failed to parse timestamp '234', using fallback
[2025-09-17 21:33:05] INFO: Row 2: Successfully parsed sample
[2025-09-17 21:33:05] ERROR: Row 2: Invalid timestamp
[2025-09-17 21:33:05] INFO: Row 3: Split into 37 parts
[2025-09-17 21:33:05] INFO: Row 3: Failed to parse timestamp '232', using fallback
[2025-09-17 21:33:05] INFO: Row 3: Successfully parsed sample
[2025-09-17 21:33:05] ERROR: Row 3: Invalid timestamp
[2025-09-17 21:33:05] INFO: Row 4: Split into 37 parts
[2025-09-17 21:33:05] INFO: Row 4: Failed to parse timestamp '230', using fallback
[2025-09-17 21:33:05] INFO: Row 4: Successfully parsed sample
[2025-09-17 21:33:05] ERROR: Row 4: Invalid timestamp
[2025-09-17 21:33:06] INFO: Row 5: Split into 37 parts
[2025-09-17 21:33:06] INFO: Row 5: Failed to parse timestamp '229', using fallback
[2025-09-17 21:33:06] INFO: Row 5: Successfully parsed sample
[2025-09-17 21:33:06] ERROR: Row 5: Invalid timestamp
[2025-09-17 21:33:06] INFO: Row 6: Split into 37 parts
[2025-09-17 21:33:06] INFO: Row 6: Failed to parse timestamp '228', using fallback
[2025-09-17 21:33:06] INFO: Row 6: Successfully parsed sample
[2025-09-17 21:33:06] ERROR: Row 6: Invalid timestamp
[2025-09-17 21:33:06] INFO: Row 7: Split into 37 parts
[2025-09-17 21:33:06] INFO: Row 7: Failed to parse timestamp '229', using fallback
[2025-09-17 21:33:06] INFO: Row 7: Successfully parsed sample
[2025-09-17 21:33:06] ERROR: Row 7: Invalid timestamp
[2025-09-17 21:33:06] INFO: Row 8: Split into 37 parts
[2025-09-17 21:33:06] INFO: Row 8: Failed to parse timestamp '230', using fallback
[2025-09-17 21:33:06] INFO: Row 8: Successfully parsed sample
[2025-09-17 21:33:06] ERROR: Row 8: Invalid timestamp
[2025-09-17 21:33:06] INFO: Row 9: Split into 37 parts
[2025-09-17 21:33:06] INFO: Row 9: Failed to parse timestamp '232', using fallback
[2025-09-17 21:33:06] INFO: Row 9: Successfully parsed sample
[2025-09-17 21:33:06] ERROR: Row 9: Invalid timestamp
[2025-09-17 21:33:06] INFO: Row 10: Split into 37 parts
[2025-09-17 21:33:06] INFO: Row 10: Failed to parse timestamp '233', using fallback
[2025-09-17 21:33:06] INFO: Row 10: Successfully parsed sample
[2025-09-17 21:33:06] ERROR: Row 10: Invalid timestamp
[2025-09-17 21:33:06] INFO: Row 11: Split into 37 parts
[2025-09-17 21:33:06] INFO: Row 11: Failed to parse timestamp '234', using fallback
[2025-09-17 21:33:06] INFO: Row 11: Successfully parsed sample
[2025-09-17 21:33:06] ERROR: Row 11: Invalid timestamp
[2025-09-17 21:33:06] INFO: Row 12: Split into 37 parts
[2025-09-17 21:33:06] INFO: Row 12: Failed to parse timestamp '229', using fallback
[2025-09-17 21:33:06] INFO: Row 12: Successfully parsed sample
[2025-09-17 21:33:06] ERROR: Row 12: Invalid timestamp
[2025-09-17 21:33:06] INFO: Row 13: Split into 37 parts
[2025-09-17 21:33:06] INFO: Row 13: Failed to parse timestamp '226', using fallback
[2025-09-17 21:33:06] INFO: Row 13: Successfully parsed sample
[2025-09-17 21:33:06] ERROR: Row 13: Invalid timestamp
[2025-09-17 21:33:07] INFO: Row 14: Split into 37 parts
[2025-09-17 21:33:07] INFO: Row 14: Failed to parse timestamp '234', using fallback
[2025-09-17 21:33:07] INFO: Row 14: Successfully parsed sample
[2025-09-17 21:33:07] ERROR: Row 14: Invalid timestamp
[2025-09-17 21:33:07] INFO: Row 15: Split into 37 parts
[2025-09-17 21:33:07] INFO: Row 15: Failed to parse timestamp '232', using fallback
[2025-09-17 21:33:07] INFO: Row 15: Successfully parsed sample
[2025-09-17 21:33:07] ERROR: Row 15: Invalid timestamp
[2025-09-17 21:33:07] INFO: Row 16: Split into 37 parts
[2025-09-17 21:33:07] INFO: Row 16: Failed to parse timestamp '234', using fallback
[2025-09-17 21:33:07] INFO: Row 16: Successfully parsed sample
[2025-09-17 21:33:07] ERROR: Row 16: Invalid timestamp
[2025-09-17 21:33:07] INFO: Row 17: Split into 37 parts
[2025-09-17 21:33:07] INFO: Row 17: Failed to parse timestamp '232', using fallback
[2025-09-17 21:33:07] INFO: Row 17: Successfully parsed sample
[2025-09-17 21:33:07] ERROR: Row 17: Invalid timestamp
[2025-09-17 21:33:07] INFO: Row 18: Split into 37 parts
[2025-09-17 21:33:07] INFO: Row 18: Failed to parse timestamp '233', using fallback
[2025-09-17 21:33:07] INFO: Row 18: Successfully parsed sample
[2025-09-17 21:33:07] ERROR: Row 18: Invalid timestamp
[2025-09-17 21:33:07] INFO: Row 19: Split into 37 parts
[2025-09-17 21:33:07] INFO: Row 19: Failed to parse timestamp '228', using fallback
[2025-09-17 21:33:07] INFO: Row 19: Successfully parsed sample
[2025-09-17 21:33:07] ERROR: Row 19: Invalid timestamp
[2025-09-17 21:33:07] INFO: Row 20: Split into 37 parts
[2025-09-17 21:33:07] INFO: Row 20: Failed to parse timestamp '233', using fallback
[2025-09-17 21:33:07] INFO: Row 20: Successfully parsed sample
[2025-09-17 21:33:07] ERROR: Row 20: Invalid timestamp
[2025-09-17 21:33:07] INFO: Row 21: Split into 37 parts
[2025-09-17 21:33:07] INFO: Row 21: Failed to parse timestamp '227', using fallback
[2025-09-17 21:33:07] INFO: Row 21: Successfully parsed sample
[2025-09-17 21:33:07] ERROR: Row 21: Invalid timestamp
[2025-09-17 21:33:08] INFO: Row 22: Split into 37 parts
[2025-09-17 21:33:08] INFO: Row 22: Failed to parse timestamp '232', using fallback
[2025-09-17 21:33:08] INFO: Row 22: Successfully parsed sample
[2025-09-17 21:33:08] ERROR: Row 22: Invalid timestamp
[2025-09-17 21:33:08] INFO: Row 23: Split into 37 parts
[2025-09-17 21:33:08] INFO: Row 23: Failed to parse timestamp '228', using fallback
[2025-09-17 21:33:08] INFO: Row 23: Successfully parsed sample
[2025-09-17 21:33:08] ERROR: Row 23: Invalid timestamp
[2025-09-17 21:33:08] INFO: Row 24: Split into 37 parts
[2025-09-17 21:33:08] INFO: Row 24: Failed to parse timestamp '233', using fallback
[2025-09-17 21:33:08] INFO: Row 24: Successfully parsed sample
[2025-09-17 21:33:08] ERROR: Row 24: Invalid timestamp
[2025-09-17 21:33:08] INFO: Row 25: Split into 37 parts
[2025-09-17 21:33:08] INFO: Row 25: Failed to parse timestamp '233', using fallback
[2025-09-17 21:33:08] INFO: Row 25: Successfully parsed sample
[2025-09-17 21:33:08] ERROR: Row 25: Invalid timestamp
[2025-09-17 21:33:08] INFO: Row 26: Split into 37 parts
[2025-09-17 21:33:08] INFO: Row 26: Failed to parse timestamp '230', using fallback
[2025-09-17 21:33:08] INFO: Row 26: Successfully parsed sample
[2025-09-17 21:33:08] ERROR: Row 26: Invalid timestamp
[2025-09-17 21:33:08] INFO: Row 27: Split into 37 parts
[2025-09-17 21:33:08] INFO: Row 27: Failed to parse timestamp '227', using fallback
[2025-09-17 21:33:08] INFO: Row 27: Successfully parsed sample
[2025-09-17 21:33:08] ERROR: Row 27: Invalid timestamp
[2025-09-17 21:33:08] INFO: Row 28: Split into 37 parts
[2025-09-17 21:33:08] INFO: Row 28: Failed to parse timestamp '226', using fallback
[2025-09-17 21:33:08] INFO: Row 28: Successfully parsed sample
[2025-09-17 21:33:08] ERROR: Row 28: Invalid timestamp
[2025-09-17 21:33:08] INFO: Row 29: Split into 37 parts
[2025-09-17 21:33:08] INFO: Row 29: Failed to parse timestamp '227', using fallback
[2025-09-17 21:33:08] INFO: Row 29: Successfully parsed sample
[2025-09-17 21:33:08] ERROR: Row 29: Invalid timestamp
[2025-09-17 21:33:08] INFO: Row 30: Split into 37 parts
[2025-09-17 21:33:08] INFO: Row 30: Failed to parse timestamp '234', using fallback
[2025-09-17 21:33:08] INFO: Row 30: Successfully parsed sample
[2025-09-17 21:33:08] ERROR: Row 30: Invalid timestamp
[2025-09-17 21:33:09] INFO: Row 31: Split into 37 parts
[2025-09-17 21:33:09] INFO: Row 31: Failed to parse timestamp '232', using fallback
[2025-09-17 21:33:09] INFO: Row 31: Successfully parsed sample
[2025-09-17 21:33:09] ERROR: Row 31: Invalid timestamp
[2025-09-17 21:33:09] INFO: Row 32: Split into 37 parts
[2025-09-17 21:33:09] INFO: Row 32: Failed to parse timestamp '229', using fallback
[2025-09-17 21:33:09] INFO: Row 32: Successfully parsed sample
[2025-09-17 21:33:09] ERROR: Row 32: Invalid timestamp
[2025-09-17 21:33:09] INFO: Row 33: Split into 37 parts
[2025-09-17 21:33:09] INFO: Row 33: Failed to parse timestamp '225', using fallback
[2025-09-17 21:33:09] INFO: Row 33: Successfully parsed sample
[2025-09-17 21:33:09] ERROR: Row 33: Invalid timestamp
[2025-09-17 21:33:09] INFO: Row 34: Split into 37 parts
[2025-09-17 21:33:09] INFO: Row 34: Failed to parse timestamp '229', using fallback
[2025-09-17 21:33:09] INFO: Row 34: Successfully parsed sample
[2025-09-17 21:33:09] ERROR: Row 34: Invalid timestamp
[2025-09-17 21:33:09] INFO: Row 35: Split into 37 parts
[2025-09-17 21:33:09] INFO: Row 35: Failed to parse timestamp '234', using fallback
[2025-09-17 21:33:09] INFO: Row 35: Successfully parsed sample
[2025-09-17 21:33:09] ERROR: Row 35: Invalid timestamp
[2025-09-17 21:33:09] INFO: Row 36: Split into 37 parts
[2025-09-17 21:33:09] INFO: Row 36: Failed to parse timestamp '233', using fallback
[2025-09-17 21:33:09] INFO: Row 36: Successfully parsed sample
[2025-09-17 21:33:09] ERROR: Row 36: Invalid timestamp
[2025-09-17 21:33:09] INFO: Row 37: Split into 37 parts
[2025-09-17 21:33:09] INFO: Row 37: Failed to parse timestamp '229', using fallback
[2025-09-17 21:33:09] INFO: Row 37: Successfully parsed sample
[2025-09-17 21:33:09] ERROR: Row 37: Invalid timestamp
[2025-09-17 21:33:09] INFO: Row 38: Split into 37 parts
[2025-09-17 21:33:09] INFO: Row 38: Failed to parse timestamp '229', using fallback
[2025-09-17 21:33:09] INFO: Row 38: Successfully parsed sample
[2025-09-17 21:33:09] ERROR: Row 38: Invalid timestamp
[2025-09-17 21:33:09] INFO: Row 39: Split into 37 parts
[2025-09-17 21:33:09] INFO: Row 39: Failed to parse timestamp '231', using fallback
[2025-09-17 21:33:09] INFO: Row 39: Successfully parsed sample
[2025-09-17 21:33:09] ERROR: Row 39: Invalid timestamp
[2025-09-17 21:33:10] INFO: Row 40: Split into 37 parts
[2025-09-17 21:33:10] INFO: Row 40: Failed to parse timestamp '232', using fallback
[2025-09-17 21:33:10] INFO: Row 40: Successfully parsed sample
[2025-09-17 21:33:10] ERROR: Row 40: Invalid timestamp
[2025-09-17 21:33:10] INFO: Row 41: Split into 37 parts
[2025-09-17 21:33:10] INFO: Row 41: Failed to parse timestamp '226', using fallback
[2025-09-17 21:33:10] INFO: Row 41: Successfully parsed sample
[2025-09-17 21:33:10] ERROR: Row 41: Invalid timestamp
[2025-09-17 21:33:10] INFO: Row 42: Split into 37 parts
[2025-09-17 21:33:10] INFO: Row 42: Failed to parse timestamp '228', using fallback
[2025-09-17 21:33:10] INFO: Row 42: Successfully parsed sample
[2025-09-17 21:33:10] ERROR: Row 42: Invalid timestamp
[2025-09-17 21:33:10] INFO: Row 43: Split into 37 parts
[2025-09-17 21:33:10] INFO: Row 43: Failed to parse timestamp '232', using fallback
[2025-09-17 21:33:10] INFO: Row 43: Successfully parsed sample
[2025-09-17 21:33:10] ERROR: Row 43: Invalid timestamp
[2025-09-17 21:33:10] INFO: Row 44: Split into 37 parts
[2025-09-17 21:33:10] INFO: Row 44: Failed to parse timestamp '227', using fallback
[2025-09-17 21:33:10] INFO: Row 44: Successfully parsed sample
[2025-09-17 21:33:10] ERROR: Row 44: Invalid timestamp
[2025-09-17 21:33:10] INFO: Row 45: Split into 37 parts
[2025-09-17 21:33:10] INFO: Row 45: Failed to parse timestamp '226', using fallback
[2025-09-17 21:33:10] INFO: Row 45: Successfully parsed sample
[2025-09-17 21:33:10] ERROR: Row 45: Invalid timestamp
[2025-09-17 21:33:10] INFO: Row 46: Split into 37 parts
[2025-09-17 21:33:10] INFO: Row 46: Failed to parse timestamp '225', using fallback
[2025-09-17 21:33:10] INFO: Row 46: Successfully parsed sample
[2025-09-17 21:33:10] ERROR: Row 46: Invalid timestamp
[2025-09-17 21:33:10] INFO: Row 47: Split into 37 parts
[2025-09-17 21:33:10] INFO: Row 47: Failed to parse timestamp '233', using fallback
[2025-09-17 21:33:10] INFO: Row 47: Successfully parsed sample
[2025-09-17 21:33:10] ERROR: Row 47: Invalid timestamp
[2025-09-17 21:33:10] INFO: Row 48: Split into 37 parts
[2025-09-17 21:33:10] INFO: Row 48: Failed to parse timestamp '227', using fallback
[2025-09-17 21:33:10] INFO: Row 48: Successfully parsed sample
[2025-09-17 21:33:10] ERROR: Row 48: Invalid timestamp
[2025-09-17 21:33:11] INFO: Row 49: Split into 37 parts
[2025-09-17 21:33:11] INFO: Row 49: Failed to parse timestamp '225', using fallback
[2025-09-17 21:33:11] INFO: Row 49: Successfully parsed sample
[2025-09-17 21:33:11] ERROR: Row 49: Invalid timestamp
[2025-09-17 21:33:11] INFO: Row 50: Split into 37 parts
[2025-09-17 21:33:11] INFO: Row 50: Failed to parse timestamp '232', using fallback
[2025-09-17 21:33:11] INFO: Row 50: Successfully parsed sample
[2025-09-17 21:33:11] ERROR: Row 50: Invalid timestamp
[2025-09-17 21:33:11] INFO: Transfer completed for BMW_iX_xDrive50: 0 success, 50 errors
[2025-09-17 21:33:11] INFO: Session ended for BMW_iX_xDrive50: Session ended successfully. Processed 0 samples
