[2025-09-17 21:05:22] INFO: Client started
[2025-09-17 21:05:40] INFO: Session started for Tesla_ModelS, ID: 72b345b3-4dd4-4384-b91d-cf8241d90fef
[2025-09-17 21:05:40] ERROR: Row 1: Invalid timestamp
[2025-09-17 21:05:41] ERROR: Row 2: Invalid timestamp
[2025-09-17 21:05:41] ERROR: Row 3: Invalid timestamp
[2025-09-17 21:05:41] ERROR: Row 4: Invalid timestamp
[2025-09-17 21:05:41] ERROR: Row 5: Invalid timestamp
[2025-09-17 21:05:41] ERROR: Row 6: Invalid timestamp
[2025-09-17 21:05:41] ERROR: Row 7: Invalid timestamp
[2025-09-17 21:05:41] ERROR: Row 8: Invalid timestamp
[2025-09-17 21:05:41] ERROR: Row 9: Invalid timestamp
[2025-09-17 21:05:41] ERROR: Row 10: Invalid timestamp
[2025-09-17 21:05:42] ERROR: Row 11: Invalid timestamp
[2025-09-17 21:05:42] ERROR: Row 12: Invalid timestamp
[2025-09-17 21:05:42] ERROR: Row 13: Invalid timestamp
[2025-09-17 21:05:42] ERROR: Row 14: Invalid timestamp
[2025-09-17 21:05:42] ERROR: Row 15: Invalid timestamp
[2025-09-17 21:05:42] ERROR: Row 16: Invalid timestamp
[2025-09-17 21:05:42] ERROR: Row 17: Invalid timestamp
[2025-09-17 21:05:42] ERROR: Row 18: Invalid timestamp
[2025-09-17 21:05:42] ERROR: Row 19: Invalid timestamp
[2025-09-17 21:05:43] ERROR: Row 20: Invalid timestamp
[2025-09-17 21:05:43] ERROR: Row 21: Invalid timestamp
[2025-09-17 21:05:43] ERROR: Row 22: Invalid timestamp
[2025-09-17 21:05:43] ERROR: Row 23: Invalid timestamp
[2025-09-17 21:05:43] ERROR: Row 24: Invalid timestamp
[2025-09-17 21:05:43] ERROR: Row 25: Invalid timestamp
[2025-09-17 21:05:43] ERROR: Row 26: Invalid timestamp
[2025-09-17 21:05:43] ERROR: Row 27: Invalid timestamp
[2025-09-17 21:05:43] ERROR: Row 28: Invalid timestamp
[2025-09-17 21:05:44] ERROR: Row 29: Invalid timestamp
[2025-09-17 21:05:44] ERROR: Row 30: Invalid timestamp
[2025-09-17 21:05:44] ERROR: Row 31: Invalid timestamp
[2025-09-17 21:05:44] ERROR: Row 32: Invalid timestamp
[2025-09-17 21:05:44] ERROR: Row 33: Invalid timestamp
[2025-09-17 21:05:44] ERROR: Row 34: Invalid timestamp
[2025-09-17 21:05:44] ERROR: Row 35: Invalid timestamp
[2025-09-17 21:05:44] ERROR: Row 36: Invalid timestamp
[2025-09-17 21:05:44] ERROR: Row 37: Invalid timestamp
[2025-09-17 21:05:45] ERROR: Row 38: Invalid timestamp
[2025-09-17 21:05:45] ERROR: Row 39: Invalid timestamp
[2025-09-17 21:05:45] ERROR: Row 40: Invalid timestamp
[2025-09-17 21:05:45] ERROR: Row 41: Invalid timestamp
[2025-09-17 21:05:45] ERROR: Row 42: Invalid timestamp
[2025-09-17 21:05:45] ERROR: Row 43: Invalid timestamp
[2025-09-17 21:05:45] ERROR: Row 44: Invalid timestamp
[2025-09-17 21:05:45] ERROR: Row 45: Invalid timestamp
[2025-09-17 21:05:45] ERROR: Row 46: Invalid timestamp
[2025-09-17 21:05:46] ERROR: Row 47: Invalid timestamp
[2025-09-17 21:05:46] ERROR: Row 48: Invalid timestamp
[2025-09-17 21:05:46] ERROR: Row 49: Invalid timestamp
[2025-09-17 21:05:46] ERROR: Row 50: Invalid timestamp
[2025-09-17 21:05:46] INFO: Transfer completed for Tesla_ModelS: 0 success, 50 errors
[2025-09-17 21:05:46] INFO: Session ended for Tesla_ModelS: Session ended successfully. Processed 0 samples
[2025-09-17 21:07:32] INFO: Session started for VW_ID4, ID: 0031b878-f583-453d-8e14-372b48f404c7
[2025-09-17 21:07:32] ERROR: Row 1: Invalid timestamp
[2025-09-17 21:07:32] ERROR: Row 2: Invalid timestamp
[2025-09-17 21:07:33] ERROR: Row 3: Invalid timestamp
[2025-09-17 21:07:33] ERROR: Row 4: Invalid timestamp
[2025-09-17 21:07:33] ERROR: Row 5: Invalid timestamp
[2025-09-17 21:07:33] ERROR: Row 6: Invalid timestamp
[2025-09-17 21:07:33] ERROR: Row 7: Invalid timestamp
[2025-09-17 21:07:33] ERROR: Row 8: Invalid timestamp
[2025-09-17 21:07:33] ERROR: Row 9: Invalid timestamp
[2025-09-17 21:07:33] ERROR: Row 10: Invalid timestamp
[2025-09-17 21:07:33] ERROR: Row 11: Invalid timestamp
[2025-09-17 21:07:34] ERROR: Row 12: Invalid timestamp
[2025-09-17 21:07:34] ERROR: Row 13: Invalid timestamp
[2025-09-17 21:07:34] ERROR: Row 14: Invalid timestamp
[2025-09-17 21:07:34] ERROR: Row 15: Invalid timestamp
[2025-09-17 21:07:34] ERROR: Row 16: Invalid timestamp
[2025-09-17 21:07:34] ERROR: Row 17: Invalid timestamp
[2025-09-17 21:07:34] ERROR: Row 18: Invalid timestamp
[2025-09-17 21:07:34] ERROR: Row 19: Invalid timestamp
[2025-09-17 21:07:34] ERROR: Row 20: Invalid timestamp
[2025-09-17 21:07:35] ERROR: Row 21: Invalid timestamp
[2025-09-17 21:07:35] ERROR: Row 22: Invalid timestamp
[2025-09-17 21:07:35] ERROR: Row 23: Invalid timestamp
[2025-09-17 21:07:35] ERROR: Row 24: Invalid timestamp
[2025-09-17 21:07:35] ERROR: Row 25: Invalid timestamp
[2025-09-17 21:07:35] ERROR: Row 26: Invalid timestamp
[2025-09-17 21:07:35] ERROR: Row 27: Invalid timestamp
[2025-09-17 21:07:35] ERROR: Row 28: Invalid timestamp
[2025-09-17 21:07:35] ERROR: Row 29: Invalid timestamp
[2025-09-17 21:07:36] ERROR: Row 30: Invalid timestamp
[2025-09-17 21:07:36] ERROR: Row 31: Invalid timestamp
[2025-09-17 21:07:36] ERROR: Row 32: Invalid timestamp
[2025-09-17 21:07:36] ERROR: Row 33: Invalid timestamp
[2025-09-17 21:07:36] ERROR: Row 34: Invalid timestamp
[2025-09-17 21:07:36] ERROR: Row 35: Invalid timestamp
[2025-09-17 21:07:36] ERROR: Row 36: Invalid timestamp
[2025-09-17 21:07:36] ERROR: Row 37: Invalid timestamp
[2025-09-17 21:07:36] ERROR: Row 38: Invalid timestamp
[2025-09-17 21:07:37] ERROR: Row 39: Invalid timestamp
[2025-09-17 21:07:37] ERROR: Row 40: Invalid timestamp
[2025-09-17 21:07:37] ERROR: Row 41: Invalid timestamp
[2025-09-17 21:07:37] ERROR: Row 42: Invalid timestamp
[2025-09-17 21:07:37] ERROR: Row 43: Invalid timestamp
[2025-09-17 21:07:37] ERROR: Row 44: Invalid timestamp
[2025-09-17 21:07:37] ERROR: Row 45: Invalid timestamp
[2025-09-17 21:07:37] ERROR: Row 46: Invalid timestamp
[2025-09-17 21:07:37] ERROR: Row 47: Invalid timestamp
[2025-09-17 21:07:38] ERROR: Row 48: Invalid timestamp
[2025-09-17 21:07:38] ERROR: Row 49: Invalid timestamp
[2025-09-17 21:07:38] ERROR: Row 50: Invalid timestamp
[2025-09-17 21:07:38] INFO: Transfer completed for VW_ID4: 0 success, 50 errors
[2025-09-17 21:07:38] INFO: Session ended for VW_ID4: Session ended successfully. Processed 0 samples
